<?xml version="1.0" encoding="UTF-8" ?>
<testsuite tests="1" failures="0" name="com.liuhy.quickstart.MavenFirstTest" time="0.003" errors="0" skipped="0">
  <properties>
    <property name="idea.version" value="2016.2.5"/>
    <property name="java.runtime.name" value="Java(TM) SE Runtime Environment"/>
    <property name="sun.boot.library.path" value="D:\Program Files\Java\jdk1.8.0_20\jre\bin"/>
    <property name="java.vm.version" value="25.20-b23"/>
    <property name="java.vm.vendor" value="Oracle Corporation"/>
    <property name="maven.multiModuleProjectDirectory" value="E:\Resource\JavaWeb\BackEnd\_7.Maven\Maven-Demos\0100_MavenQuickStart"/>
    <property name="java.vendor.url" value="http://java.oracle.com/"/>
    <property name="path.separator" value=";"/>
    <property name="guice.disable.misplaced.annotation.check" value="true"/>
    <property name="java.vm.name" value="Java HotSpot(TM) 64-Bit Server VM"/>
    <property name="file.encoding.pkg" value="sun.io"/>
    <property name="idea.launcher.port" value="7533"/>
    <property name="user.script" value=""/>
    <property name="user.country" value="CN"/>
    <property name="sun.java.launcher" value="SUN_STANDARD"/>
    <property name="sun.os.patch.level" value=""/>
    <property name="java.vm.specification.name" value="Java Virtual Machine Specification"/>
    <property name="user.dir" value="E:\Resource\JavaWeb\BackEnd\_7.Maven\Maven-Demos\0100_MavenQuickStart"/>
    <property name="java.runtime.version" value="1.8.0_20-b26"/>
    <property name="java.awt.graphicsenv" value="sun.awt.Win32GraphicsEnvironment"/>
    <property name="java.endorsed.dirs" value="D:\Program Files\Java\jdk1.8.0_20\jre\lib\endorsed"/>
    <property name="os.arch" value="amd64"/>
    <property name="java.io.tmpdir" value="C:\Users\刘洪宇\AppData\Local\Temp\"/>
    <property name="line.separator" value="
"/>
    <property name="java.vm.specification.vendor" value="Oracle Corporation"/>
    <property name="user.variant" value=""/>
    <property name="os.name" value="Windows 8.1"/>
    <property name="classworlds.conf" value="D:\框架及组件\apache-maven-3.3.9\bin\m2.conf"/>
    <property name="sun.jnu.encoding" value="GBK"/>
    <property name="java.library.path" value="D:\Program Files\Java\jdk1.8.0_20\bin;C:\WINDOWS\Sun\Java\bin;C:\WINDOWS\system32;C:\WINDOWS;D:\app\product\11.2.0\dbhome_1\bin;C:\Program Files (x86)\Intel\iCLS Client\;C:\Program Files\Intel\iCLS Client\;C:\WINDOWS\system32;C:\WINDOWS;C:\WINDOWS\System32\Wbem;C:\WINDOWS\System32\WindowsPowerShell\v1.0\;D:\Program Files\Java\jdk1.8.0_20\bin;D:\Program Files\Java\jdk1.8.0_20\jre\bin;D:\Program Files\apache-tomcat-8.0.36\lib;D:\Program Files\apache-tomcat-8.0.36\lib\servlet-api.jar;D:\Program Files\apache-tomcat-8.0.36\lib\jsp-api.jar;D:\Program Files\MySQL\bin;D:\Program Files\VisualSVN Server\bin;D:\Program Files\TortoiseSVN\bin;D:\MinGW\bin;C:\Program Files (x86)\Common Files\Thunder Network\KanKan\Codecs;D:\Program Files\android\sdk\platform-tools;D:\Program Files\apache-ant-1.9.7\bin;D:\框架及组件\apache-maven-3.3.9\bin;D:\Program Files (x86)\Python35-32;D:\Program Files (x86)\Python35-32\Scripts;d:\Program Files\Anaconda3;d:\Program Files\Anaconda3\Scripts;d:\Program Files\Anaconda3\Library\bin;D:\Program Files\graphviz-2.38\release\bin;d:\Program Files\MATLAB\R2015a\runtime\win64;d:\Program Files\MATLAB\R2015a\bin;d:\Program Files\MATLAB\R2015a\polyspace\bin;D:\Program Files (x86)\Skype\Phone\;D:\Program Files\nodejs\;D:\Program Files\Git\bin;d:\Ruby23-x64\bin;d:\Users\刘洪宇\bin\Sencha\Cmd\6.1.3.42/..;C:\Users\刘洪宇\AppData\Local\Microsoft\WindowsApps;D:\Program Files\npm\npm;D:\Program Files\nvm;D:\Program Files\nvm\nodejs;C:\Users\刘洪宇\AppData\Local\atom\bin;."/>
    <property name="java.specification.name" value="Java Platform API Specification"/>
    <property name="java.class.version" value="52.0"/>
    <property name="sun.management.compiler" value="HotSpot 64-Bit Tiered Compilers"/>
    <property name="os.version" value="6.3"/>
    <property name="user.home" value="C:\Users\刘洪宇"/>
    <property name="user.timezone" value="Asia/Shanghai"/>
    <property name="java.awt.printerjob" value="sun.awt.windows.WPrinterJob"/>
    <property name="java.specification.version" value="1.8"/>
    <property name="idea.launcher.bin.path" value="D:\Program Files\ideaIU-2016.2.5.win\bin"/>
    <property name="file.encoding" value="UTF-8"/>
    <property name="user.name" value="liuhy"/>
    <property name="java.class.path" value="D:\框架及组件\apache-maven-3.3.9\boot\plexus-classworlds-2.5.2.jar;D:\Program Files\ideaIU-2016.2.5.win\lib\idea_rt.jar"/>
    <property name="java.vm.specification.version" value="1.8"/>
    <property name="sun.arch.data.model" value="64"/>
    <property name="java.home" value="D:\Program Files\Java\jdk1.8.0_20\jre"/>
    <property name="sun.java.command" value="com.intellij.rt.execution.application.AppMain org.codehaus.classworlds.Launcher -Didea.version=2016.2.5 -s E:\MavenRepository\settings.xml test"/>
    <property name="java.specification.vendor" value="Oracle Corporation"/>
    <property name="user.language" value="zh"/>
    <property name="awt.toolkit" value="sun.awt.windows.WToolkit"/>
    <property name="java.vm.info" value="mixed mode"/>
    <property name="java.version" value="1.8.0_20"/>
    <property name="java.ext.dirs" value="D:\Program Files\Java\jdk1.8.0_20\jre\lib\ext;C:\WINDOWS\Sun\Java\lib\ext"/>
    <property name="sun.boot.class.path" value="D:\Program Files\Java\jdk1.8.0_20\jre\lib\resources.jar;D:\Program Files\Java\jdk1.8.0_20\jre\lib\rt.jar;D:\Program Files\Java\jdk1.8.0_20\jre\lib\sunrsasign.jar;D:\Program Files\Java\jdk1.8.0_20\jre\lib\jsse.jar;D:\Program Files\Java\jdk1.8.0_20\jre\lib\jce.jar;D:\Program Files\Java\jdk1.8.0_20\jre\lib\charsets.jar;D:\Program Files\Java\jdk1.8.0_20\jre\lib\jfr.jar;D:\Program Files\Java\jdk1.8.0_20\jre\classes"/>
    <property name="java.vendor" value="Oracle Corporation"/>
    <property name="maven.home" value="D:\框架及组件\apache-maven-3.3.9"/>
    <property name="file.separator" value="\"/>
    <property name="java.vendor.url.bug" value="http://bugreport.sun.com/bugreport/"/>
    <property name="sun.cpu.endian" value="little"/>
    <property name="sun.io.unicode.encoding" value="UnicodeLittle"/>
    <property name="sun.desktop" value="windows"/>
    <property name="sun.cpu.isalist" value="amd64"/>
  </properties>
  <testcase classname="com.liuhy.quickstart.MavenFirstTest" name="testSayHello" time="0.003"/>
</testsuite>